[2018-09-26 16:16:33.809] [exthost1] [info] extension host started
[2018-09-26 16:16:33.834] [exthost1] [info] ExtensionService#_doActivateExtension vscode.debug-auto-launch {"startup":true,"activationEvent":"*"}
[2018-09-26 16:16:33.834] [exthost1] [info] ExtensionService#loadCommonJSModule c:\Users\Suvisha.KV\.codemix\engine\resources\app\extensions\debug-auto-launch\out\extension
[2018-09-26 16:16:33.844] [exthost1] [info] ExtensionService#_doActivateExtension vscode.emmet {"startup":true,"activationEvent":"*"}
[2018-09-26 16:16:33.844] [exthost1] [info] ExtensionService#loadCommonJSModule c:\Users\Suvisha.KV\.codemix\engine\resources\app\extensions\emmet\dist\extension
[2018-09-26 16:16:33.885] [exthost1] [info] ExtensionService#_doActivateExtension vscode.merge-conflict {"startup":true,"activationEvent":"*"}
[2018-09-26 16:16:33.885] [exthost1] [info] ExtensionService#loadCommonJSModule c:\Users\Suvisha.KV\.codemix\engine\resources\app\extensions\merge-conflict\out\extension
[2018-09-26 16:16:33.914] [exthost1] [info] ExtensionService#_doActivateExtension vscode.search-rg {"startup":true,"activationEvent":"*"}
[2018-09-26 16:16:33.914] [exthost1] [info] ExtensionService#loadCommonJSModule c:\Users\Suvisha.KV\.codemix\engine\resources\app\extensions\search-rg\out\extension
[2018-09-26 16:16:33.924] [exthost1] [info] ExtensionService#_doActivateExtension christian-kohler.path-intellisense {"startup":true,"activationEvent":"*"}
[2018-09-26 16:16:33.924] [exthost1] [info] ExtensionService#loadCommonJSModule C:\Users\Suvisha.KV\.vscode\extensions\christian-kohler.path-intellisense-1.4.2\out\src\extension
[2018-09-26 16:16:33.949] [exthost1] [info] ExtensionService#_doActivateExtension dbaeumer.vscode-eslint {"startup":true,"activationEvent":"*"}
[2018-09-26 16:16:33.949] [exthost1] [info] ExtensionService#loadCommonJSModule C:\Users\Suvisha.KV\.vscode\extensions\dbaeumer.vscode-eslint-1.6.0\client\out\extension
[2018-09-26 16:16:34.036] [exthost1] [info] ExtensionService#_doActivateExtension formulahendry.auto-close-tag {"startup":true,"activationEvent":"*"}
[2018-09-26 16:16:34.036] [exthost1] [info] ExtensionService#loadCommonJSModule C:\Users\Suvisha.KV\.vscode\extensions\formulahendry.auto-close-tag-0.5.6\out\src\extension
[2018-09-26 16:16:34.038] [exthost1] [info] ExtensionService#_doActivateExtension HookyQR.beautify {"startup":true,"activationEvent":"*"}
[2018-09-26 16:16:34.038] [exthost1] [info] ExtensionService#loadCommonJSModule C:\Users\Suvisha.KV\.vscode\extensions\hookyqr.beautify-1.4.4\extension
[2018-09-26 16:16:34.144] [exthost1] [info] ExtensionService#_doActivateExtension Zignd.html-css-class-completion {"startup":true,"activationEvent":"*"}
[2018-09-26 16:16:34.144] [exthost1] [info] ExtensionService#loadCommonJSModule C:\Users\Suvisha.KV\.vscode\extensions\zignd.html-css-class-completion-1.17.1\out\src\extension
[2018-09-26 16:16:35.741] [exthost1] [info] eager extensions activated
